ToontownStart: loading game settings
ToontownStart: setting default font
TTLocalizer: Running in language: english
from toontown.toonbase.TTLocalizerEnglish import *
OTPLocalizer: Running in language: english
from otp.otpbase.OTPLocalizerEnglish import *
ToontownStart: Loading default gui sounds
C:\Toontown\TTR-Private-beta\toontown\toonbase\ToontownStart.py:140: DeprecationWarning: This is deprecated. Use ConfigVariableString instead
  serverVersion = config.GetString('server-version', 'no_version_set')
ToontownStart: serverVersion:  ttrp-beta-v2.11.3
C:\Toontown\TTR-Private-beta\toontown\toonbase\ToontownStart.py:188: DeprecationWarning: This is deprecated. Use ConfigVariableBool instead
  if not launcher.isDummy() and not config.GetBool('auto-start-server', False):
C:\Toontown\TTR-Private-beta\toontown\toonbase\ToontownStart.py:212: DeprecationWarning: This is deprecated. Use ConfigVariableBool instead
  if config.GetBool('auto-start-server', False):
{420000001: <toontown.distributed.ToontownDistrict.ToontownDistrict object at 0x0000021F748C3A30>}
NameShop: Couldn't find von
Traceback (most recent call last):
  File "C:\Panda3D-1.11.0-x64\direct\showbase\EventManager.py", line 50, in eventLoopTask
    self.doEvents()
  File "C:\Panda3D-1.11.0-x64\direct\showbase\EventManager.py", line 44, in doEvents
    processFunc(dequeueFunc())
  File "C:\Panda3D-1.11.0-x64\direct\showbase\EventManager.py", line 100, in processEvent
    messenger.send(eventName, paramList)
  File "C:\Panda3D-1.11.0-x64\direct\showbase\Messenger.py", line 335, in send
    self.__dispatch(acceptorDict, event, sentArgs, foundWatch)
  File "C:\Panda3D-1.11.0-x64\direct\showbase\Messenger.py", line 420, in __dispatch
    result = method (*(extraArgs + sentArgs))
  File "C:\Panda3D-1.11.0-x64\direct\gui\DirectButton.py", line 107, in commandFunc
    self['command'](*self['extraArgs'])
  File "C:\Toontown\TTR-Private-beta\toontown\makeatoon\MakeAToon.py", line 620, in __handleNext
    messenger.send('next')
  File "C:\Panda3D-1.11.0-x64\direct\showbase\Messenger.py", line 335, in send
    self.__dispatch(acceptorDict, event, sentArgs, foundWatch)
  File "C:\Panda3D-1.11.0-x64\direct\showbase\Messenger.py", line 420, in __dispatch
    result = method (*(extraArgs + sentArgs))
  File "C:\Toontown\TTR-Private-beta\toontown\makeatoon\ClothesGUI.py", line 356, in __handleForward
    messenger.send(self.doneEvent)
  File "C:\Panda3D-1.11.0-x64\direct\showbase\Messenger.py", line 335, in send
    self.__dispatch(acceptorDict, event, sentArgs, foundWatch)
  File "C:\Panda3D-1.11.0-x64\direct\showbase\Messenger.py", line 420, in __dispatch
    result = method (*(extraArgs + sentArgs))
  File "C:\Toontown\TTR-Private-beta\toontown\makeatoon\MakeAToon.py", line 557, in __handleClothesShopDone
    self.goToNextShop()
  File "C:\Toontown\TTR-Private-beta\toontown\makeatoon\MakeAToon.py", line 391, in goToNextShop
    self.fsm.request('NameShop')
  File "C:\Panda3D-1.11.0-x64\direct\fsm\ClassicFSM.py", line 281, in request
    self.__transition(aState,
  File "C:\Panda3D-1.11.0-x64\direct\fsm\ClassicFSM.py", line 230, in __transition
    self.__enter(aState, enterArgList)
  File "C:\Panda3D-1.11.0-x64\direct\fsm\ClassicFSM.py", line 216, in __enter
    aState.enter(argList)
  File "C:\Panda3D-1.11.0-x64\direct\fsm\State.py", line 200, in enter
    self.__enterFunc(*argList)
  File "C:\Toontown\TTR-Private-beta\toontown\makeatoon\MakeAToon.py", line 589, in enterNameShop
    self.ns.enter(self.toon, self.nameList, self.warp)
  File "C:\Toontown\TTR-Private-beta\toontown\makeatoon\NameShop.py", line 208, in enter
    self.__randomName()
  File "C:\Toontown\TTR-Private-beta\toontown\makeatoon\NameShop.py", line 647, in __randomName
    uberReturn = self.nameGen.randomNameMoreinfo(self.boy, self.girl)
  File "C:\Toontown\TTR-Private-beta\toontown\makeatoon\NameGenerator.py", line 293, in randomNameMoreinfo
    lastPrefix = random.choice(self.lastPrefixes)
  File "C:\Panda3D-1.11.0-x64\python\lib\random.py", line 347, in choice
    return seq[self._randbelow(len(seq))]
IndexError: list index out of range
Traceback (most recent call last):
  File "C:\Toontown\TTR-Private-beta\otp\otpbase\OTPBase.py", line 238, in run
    taskMgr.run()
  File "C:\Panda3D-1.11.0-x64\direct\task\Task.py", line 540, in run
    self.step()
  File "C:\Panda3D-1.11.0-x64\direct\task\Task.py", line 494, in step
    self.mgr.poll()
  File "C:\Panda3D-1.11.0-x64\direct\showbase\EventManager.py", line 50, in eventLoopTask
    self.doEvents()
  File "C:\Panda3D-1.11.0-x64\direct\showbase\EventManager.py", line 44, in doEvents
    processFunc(dequeueFunc())
  File "C:\Panda3D-1.11.0-x64\direct\showbase\EventManager.py", line 100, in processEvent
    messenger.send(eventName, paramList)
  File "C:\Panda3D-1.11.0-x64\direct\showbase\Messenger.py", line 335, in send
    self.__dispatch(acceptorDict, event, sentArgs, foundWatch)
  File "C:\Panda3D-1.11.0-x64\direct\showbase\Messenger.py", line 420, in __dispatch
    result = method (*(extraArgs + sentArgs))
  File "C:\Panda3D-1.11.0-x64\direct\gui\DirectButton.py", line 107, in commandFunc
    self['command'](*self['extraArgs'])
  File "C:\Toontown\TTR-Private-beta\toontown\makeatoon\MakeAToon.py", line 620, in __handleNext
    messenger.send('next')
  File "C:\Panda3D-1.11.0-x64\direct\showbase\Messenger.py", line 335, in send
    self.__dispatch(acceptorDict, event, sentArgs, foundWatch)
  File "C:\Panda3D-1.11.0-x64\direct\showbase\Messenger.py", line 420, in __dispatch
    result = method (*(extraArgs + sentArgs))
  File "C:\Toontown\TTR-Private-beta\toontown\makeatoon\ClothesGUI.py", line 356, in __handleForward
    messenger.send(self.doneEvent)
  File "C:\Panda3D-1.11.0-x64\direct\showbase\Messenger.py", line 335, in send
    self.__dispatch(acceptorDict, event, sentArgs, foundWatch)
  File "C:\Panda3D-1.11.0-x64\direct\showbase\Messenger.py", line 420, in __dispatch
    result = method (*(extraArgs + sentArgs))
  File "C:\Toontown\TTR-Private-beta\toontown\makeatoon\MakeAToon.py", line 557, in __handleClothesShopDone
    self.goToNextShop()
  File "C:\Toontown\TTR-Private-beta\toontown\makeatoon\MakeAToon.py", line 391, in goToNextShop
    self.fsm.request('NameShop')
  File "C:\Panda3D-1.11.0-x64\direct\fsm\ClassicFSM.py", line 281, in request
    self.__transition(aState,
  File "C:\Panda3D-1.11.0-x64\direct\fsm\ClassicFSM.py", line 230, in __transition
    self.__enter(aState, enterArgList)
  File "C:\Panda3D-1.11.0-x64\direct\fsm\ClassicFSM.py", line 216, in __enter
    aState.enter(argList)
  File "C:\Panda3D-1.11.0-x64\direct\fsm\State.py", line 200, in enter
    self.__enterFunc(*argList)
  File "C:\Toontown\TTR-Private-beta\toontown\makeatoon\MakeAToon.py", line 589, in enterNameShop
    self.ns.enter(self.toon, self.nameList, self.warp)
  File "C:\Toontown\TTR-Private-beta\toontown\makeatoon\NameShop.py", line 208, in enter
    self.__randomName()
  File "C:\Toontown\TTR-Private-beta\toontown\makeatoon\NameShop.py", line 647, in __randomName
    uberReturn = self.nameGen.randomNameMoreinfo(self.boy, self.girl)
  File "C:\Toontown\TTR-Private-beta\toontown\makeatoon\NameGenerator.py", line 293, in randomNameMoreinfo
    lastPrefix = random.choice(self.lastPrefixes)
  File "C:\Panda3D-1.11.0-x64\python\lib\random.py", line 347, in choice
    return seq[self._randbelow(len(seq))]
IndexError: list index out of range
